nohup: ignoring input
[32m[Nest] 662181  - [39m05/23/2026, 6:24:15 PM [32m    LOG[39m [38;5;3m[NestFactory] [39m[32mStarting Nest application...[39m
[32m[Nest] 662181  - [39m05/23/2026, 6:24:15 PM [32m    LOG[39m [38;5;3m[InstanceLoader] [39m[32mPrismaModule dependencies initialized[39m[38;5;3m +8ms[39m
[32m[Nest] 662181  - [39m05/23/2026, 6:24:15 PM [32m    LOG[39m [38;5;3m[InstanceLoader] [39m[32mPassportModule dependencies initialized[39m[38;5;3m +0ms[39m
[32m[Nest] 662181  - [39m05/23/2026, 6:24:15 PM [32m    LOG[39m [38;5;3m[InstanceLoader] [39m[32mJwtModule dependencies initialized[39m[38;5;3m +1ms[39m
[32m[Nest] 662181  - [39m05/23/2026, 6:24:15 PM [32m    LOG[39m [38;5;3m[InstanceLoader] [39m[32mUsersModule dependencies initialized[39m[38;5;3m +0ms[39m
[32m[Nest] 662181  - [39m05/23/2026, 6:24:15 PM [32m    LOG[39m [38;5;3m[InstanceLoader] [39m[32mAuthModule dependencies initialized[39m[38;5;3m +0ms[39m
[32m[Nest] 662181  - [39m05/23/2026, 6:24:15 PM [32m    LOG[39m [38;5;3m[InstanceLoader] [39m[32mAppModule dependencies initialized[39m[38;5;3m +0ms[39m
[32m[Nest] 662181  - [39m05/23/2026, 6:24:15 PM [32m    LOG[39m [38;5;3m[RoutesResolver] [39m[32mAppController {/}:[39m[38;5;3m +2ms[39m
[32m[Nest] 662181  - [39m05/23/2026, 6:24:15 PM [32m    LOG[39m [38;5;3m[RouterExplorer] [39m[32mMapped {/, GET} route[39m[38;5;3m +2ms[39m
[32m[Nest] 662181  - [39m05/23/2026, 6:24:15 PM [32m    LOG[39m [38;5;3m[RoutesResolver] [39m[32mPostsController {/posts}:[39m[38;5;3m +0ms[39m
[32m[Nest] 662181  - [39m05/23/2026, 6:24:15 PM [32m    LOG[39m [38;5;3m[RouterExplorer] [39m[32mMapped {/posts, POST} route[39m[38;5;3m +0ms[39m
[32m[Nest] 662181  - [39m05/23/2026, 6:24:15 PM [32m    LOG[39m [38;5;3m[RouterExplorer] [39m[32mMapped {/posts, GET} route[39m[38;5;3m +1ms[39m
[32m[Nest] 662181  - [39m05/23/2026, 6:24:15 PM [32m    LOG[39m [38;5;3m[RouterExplorer] [39m[32mMapped {/posts/:id, PATCH} route[39m[38;5;3m +0ms[39m
[32m[Nest] 662181  - [39m05/23/2026, 6:24:15 PM [32m    LOG[39m [38;5;3m[RouterExplorer] [39m[32mMapped {/posts/:id, DELETE} route[39m[38;5;3m +0ms[39m
[32m[Nest] 662181  - [39m05/23/2026, 6:24:15 PM [32m    LOG[39m [38;5;3m[RoutesResolver] [39m[32mAuthController {/auth}:[39m[38;5;3m +0ms[39m
[32m[Nest] 662181  - [39m05/23/2026, 6:24:15 PM [32m    LOG[39m [38;5;3m[RouterExplorer] [39m[32mMapped {/auth/login, POST} route[39m[38;5;3m +0ms[39m
[32m[Nest] 662181  - [39m05/23/2026, 6:24:15 PM [32m    LOG[39m [38;5;3m[RoutesResolver] [39m[32mUsersController {/users}:[39m[38;5;3m +0ms[39m
[32m[Nest] 662181  - [39m05/23/2026, 6:24:15 PM [32m    LOG[39m [38;5;3m[RouterExplorer] [39m[32mMapped {/users, GET} route[39m[38;5;3m +0ms[39m
[32m[Nest] 662181  - [39m05/23/2026, 6:24:15 PM [32m    LOG[39m [38;5;3m[RouterExplorer] [39m[32mMapped {/users, POST} route[39m[38;5;3m +0ms[39m
[32m[Nest] 662181  - [39m05/23/2026, 6:24:15 PM [32m    LOG[39m [38;5;3m[RouterExplorer] [39m[32mMapped {/users/:id, DELETE} route[39m[38;5;3m +0ms[39m
[32m[Nest] 662181  - [39m05/23/2026, 6:24:15 PM [32m    LOG[39m [38;5;3m[NestApplication] [39m[32mNest application successfully started[39m[38;5;3m +28ms[39m
[31m[Nest] 662181  - [39m05/23/2026, 6:24:15 PM [31m  ERROR[39m [38;5;3m[NestApplication] [39m[31mError: listen EADDRINUSE: address already in use 0.0.0.0:3001[39m[38;5;3m +2ms[39m
Error: listen EADDRINUSE: address already in use 0.0.0.0:3001
    at Server.setupListenHandle [as _listen2] (node:net:2008:16)
    at listenInCluster (node:net:2065:12)
    at Server.listen (node:net:2170:7)
    at ExpressAdapter.listen (/home/g901-admin/daon-backend/node_modules/@nestjs/platform-express/adapters/express-adapter.js:115:32)
    at /home/g901-admin/daon-backend/node_modules/@nestjs/core/nest-application.js:188:30
    at new Promise (<anonymous>)
    at NestApplication.listen (/home/g901-admin/daon-backend/node_modules/@nestjs/core/nest-application.js:178:16)
    at async bootstrap (/home/g901-admin/daon-backend/src/main.ts:13:3) {
  code: 'EADDRINUSE',
  errno: -98,
  syscall: 'listen',
  address: '0.0.0.0',
  port: 3001
}
